<?xml version="1.0" encoding="UTF-8"?>
<testng-results ignored="0" total="1" passed="1" failed="0" skipped="0">
  <reporter-output>
  </reporter-output>
  <suite started-at="2024-09-18T19:16:33 IST" name="Default suite" finished-at="2024-09-18T19:17:16 IST" duration-ms="42840">
    <groups>
    </groups>
    <test started-at="2024-09-18T19:16:33 IST" name="Default test" finished-at="2024-09-18T19:17:16 IST" duration-ms="42840">
      <class name="demo.Test1">
        <test-method is-config="true" signature="BS()[pri:0, instance:demo.Test1@48075da3]" started-at="2024-09-18T19:16:33 IST" name="BS" finished-at="2024-09-18T19:16:33 IST" duration-ms="13" status="PASS">
          <reporter-output>
          </reporter-output>
        </test-method> <!-- BS -->
        <test-method is-config="true" signature="BT()[pri:0, instance:demo.Test1@48075da3]" started-at="2024-09-18T19:16:33 IST" name="BT" finished-at="2024-09-18T19:16:33 IST" duration-ms="0" status="PASS">
          <reporter-output>
          </reporter-output>
        </test-method> <!-- BT -->
        <test-method is-config="true" signature="BC()[pri:0, instance:demo.Test1@48075da3]" started-at="2024-09-18T19:16:33 IST" name="BC" finished-at="2024-09-18T19:16:52 IST" duration-ms="18447" status="PASS">
          <reporter-output>
          </reporter-output>
        </test-method> <!-- BC -->
        <test-method is-config="true" signature="BM()[pri:0, instance:demo.Test1@48075da3]" started-at="2024-09-18T19:16:52 IST" name="BM" finished-at="2024-09-18T19:17:08 IST" duration-ms="16187" status="PASS">
          <reporter-output>
          </reporter-output>
        </test-method> <!-- BM -->
        <test-method signature="m1()[pri:0, instance:demo.Test1@48075da3]" started-at="2024-09-18T19:17:08 IST" name="m1" finished-at="2024-09-18T19:17:08 IST" duration-ms="11" status="PASS">
          <reporter-output>
          </reporter-output>
        </test-method> <!-- m1 -->
        <test-method is-config="true" signature="AM()[pri:0, instance:demo.Test1@48075da3]" started-at="2024-09-18T19:17:08 IST" name="AM" finished-at="2024-09-18T19:17:15 IST" duration-ms="6812" status="PASS">
          <reporter-output>
          </reporter-output>
        </test-method> <!-- AM -->
        <test-method is-config="true" signature="AC()[pri:0, instance:demo.Test1@48075da3]" started-at="2024-09-18T19:17:15 IST" name="AC" finished-at="2024-09-18T19:17:16 IST" duration-ms="1345" status="PASS">
          <reporter-output>
          </reporter-output>
        </test-method> <!-- AC -->
        <test-method is-config="true" signature="AT()[pri:0, instance:demo.Test1@48075da3]" started-at="2024-09-18T19:17:16 IST" name="AT" finished-at="2024-09-18T19:17:16 IST" duration-ms="0" status="PASS">
          <reporter-output>
          </reporter-output>
        </test-method> <!-- AT -->
        <test-method is-config="true" signature="AS()[pri:0, instance:demo.Test1@48075da3]" started-at="2024-09-18T19:17:16 IST" name="AS" finished-at="2024-09-18T19:17:16 IST" duration-ms="0" status="PASS">
          <reporter-output>
          </reporter-output>
        </test-method> <!-- AS -->
      </class> <!-- demo.Test1 -->
    </test> <!-- Default test -->
  </suite> <!-- Default suite -->
</testng-results>
